2022-09-24 03:47:51 (success) release
2022-09-24 03:47:51 (success) _looped_task
2022-09-24 03:47:51 (success) upload2pypi
2022-09-24 03:47:29 (startup) upload2pypi
2022-09-24 03:47:29 (startup) _looped_task
2022-09-24 03:47:29 (success) _looped_task
2022-09-24 03:47:29 (success) gitpush
2022-09-24 03:47:23 (startup) gitpush
2022-09-24 03:47:23 (startup) _looped_task
2022-09-24 03:47:23 (success) gitcommit
2022-09-24 03:47:23 (startup) gitcommit
2022-09-24 03:47:23 (success) build
2022-09-24 03:47:20 (startup) build
2022-09-24 03:47:20 (success) gitcommit
2022-09-24 03:47:19 (startup) gitcommit
2022-09-24 03:47:19 (success) gendoc
2022-09-24 03:47:17 (startup) gendoc
2022-09-24 03:47:17 (startup) release
2022-09-17 17:47:25 (success) gitpush
2022-09-17 17:47:19 (startup) gitpush
2022-09-17 17:47:17 (success) gitcommit
2022-09-17 17:47:17 (startup) gitcommit
2022-09-17 17:45:04 (success) gitpush
2022-09-17 17:44:35 (startup) gitpush
2022-09-17 17:44:31 (success) gitcommit
2022-09-17 17:44:30 (startup) gitcommit
